\BOOKMARK [1][-]{section.1}{\376\377\000M\000o\000t\000i\000v\000a\000t\000i\000o\000n\000s\000\040\000\046\000\040\000i\000n\000t\000r\000o\000d\000u\000c\000t\000i\000o\000n}{}% 1
\BOOKMARK [1][-]{section.2}{\376\377\000M\000e\000a\000s\000u\000r\000e\000s}{}% 2
\BOOKMARK [2][-]{subsection.2.1}{\376\377\000D\000e\000v\000i\000a\000t\000i\000o\000n\000\040\000f\000r\000o\000m\000\040\000i\000n\000d\000e\000p\000e\000n\000d\000e\000n\000c\000e\000\040\040\023\000\040\000S\000h\000o\000g\000e\000n\000j\000i}{section.2}% 3
\BOOKMARK [2][-]{subsection.2.2}{\376\377\000R\000e\000l\000a\000t\000i\000v\000e\000\040\000o\000v\000e\000r\000l\000a\000p\000\040\040\023\000\040\000O\000l\000s\000s\000o\000n\000\040\000\046\000\040\000G\000l\000a\000s\000s}{section.2}% 4
\BOOKMARK [2][-]{subsection.2.3}{\376\377\000A\000v\000e\000r\000a\000g\000e\000\040\000m\000u\000t\000u\000a\000l\000\040\000s\000u\000p\000p\000o\000r\000t}{section.2}% 5
\BOOKMARK [3][-]{subsubsection.2.3.1}{\376\377\000F\000i\000t\000e\000l\000s\000o\000n}{subsection.2.3}% 6
\BOOKMARK [3][-]{subsubsection.2.3.2}{\376\377\000D\000o\000u\000v\000e\000n\000\040\000a\000n\000d\000\040\000M\000e\000i\000j\000'\000s}{subsection.2.3}% 7
\BOOKMARK [3][-]{subsubsection.2.3.3}{\376\377\000R\000o\000c\000h\000e}{subsection.2.3}% 8
\BOOKMARK [1][-]{section.3}{\376\377\000C\000h\000a\000l\000l\000e\000n\000g\000e\000s}{}% 9
\BOOKMARK [2][-]{subsection.3.1}{\376\377\000P\000e\000n\000g\000u\000i\000n\000s}{section.3}% 10
\BOOKMARK [2][-]{subsection.3.2}{\376\377\000D\000u\000n\000n\000i\000t}{section.3}% 11
\BOOKMARK [2][-]{subsection.3.3}{\376\377\000J\000a\000p\000a\000n\000e\000s\000e\000\040\000s\000w\000o\000r\000d\000s}{section.3}% 12
\BOOKMARK [2][-]{subsection.3.4}{\376\377\000R\000o\000b\000b\000e\000r\000s}{section.3}% 13
\BOOKMARK [2][-]{subsection.3.5}{\376\377\000T\000h\000e\000\040\000B\000e\000a\000t\000l\000e\000s}{section.3}% 14
\BOOKMARK [2][-]{subsection.3.6}{\376\377\000A\000l\000i\000c\000j\000a\000\040\000a\000n\000d\000\040\000b\000o\000o\000k\000s}{section.3}% 15
\BOOKMARK [2][-]{subsection.3.7}{\376\377\000T\000h\000e\000\040\000W\000i\000t\000n\000e\000s\000s\000e\000s}{section.3}% 16
\BOOKMARK [2][-]{subsection.3.8}{\376\377\000D\000e\000p\000t\000h}{section.3}% 17
\BOOKMARK [2][-]{subsection.3.9}{\376\377\000D\000i\000c\000e}{section.3}% 18
\BOOKMARK [1][-]{section.4}{\376\377\000O\000b\000s\000e\000r\000v\000a\000t\000i\000o\000n\000s}{}% 19
\BOOKMARK [2][-]{subsection.4.1}{\376\377\000C\000o\000h\000e\000r\000e\000n\000c\000e\000\040\000s\000c\000o\000r\000e\000s\000\040\000a\000n\000d\000\040\000o\000u\000t\000c\000o\000m\000e\000s}{section.4}% 20
\BOOKMARK [2][-]{subsection.4.2}{\376\377\000M\000e\000a\000n}{section.4}% 21
\BOOKMARK [2][-]{subsection.4.3}{\376\377\000S\000t\000r\000u\000c\000t\000u\000r\000e}{section.4}% 22
\BOOKMARK [1][-]{section.5}{\376\377\000S\000t\000r\000u\000c\000t\000u\000r\000e\000d\000\040\000c\000o\000h\000e\000r\000e\000n\000c\000e}{}% 23
\BOOKMARK [1][-]{section.6}{\376\377\000H\000a\000n\000d\000l\000i\000n\000g\000\040\000c\000o\000u\000n\000t\000e\000r\000e\000x\000a\000m\000p\000l\000e\000s}{}% 24
\BOOKMARK [2][-]{subsection.6.1}{\376\377\000P\000e\000n\000g\000u\000i\000n\000s}{section.6}% 25
\BOOKMARK [2][-]{subsection.6.2}{\376\377\000D\000u\000n\000n\000i\000t}{section.6}% 26
\BOOKMARK [2][-]{subsection.6.3}{\376\377\000J\000a\000p\000a\000n\000e\000s\000e\000\040\000s\000w\000o\000r\000d\000s}{section.6}% 27
\BOOKMARK [2][-]{subsection.6.4}{\376\377\000R\000o\000b\000b\000e\000r\000s}{section.6}% 28
\BOOKMARK [2][-]{subsection.6.5}{\376\377\000T\000h\000e\000\040\000B\000e\000a\000t\000l\000e\000s}{section.6}% 29
\BOOKMARK [2][-]{subsection.6.6}{\376\377\000A\000l\000i\000c\000j\000a\000\040\000a\000n\000d\000\040\000b\000o\000o\000k\000s}{section.6}% 30
\BOOKMARK [2][-]{subsection.6.7}{\376\377\000T\000h\000e\000\040\000w\000i\000t\000n\000e\000s\000s\000e\000s}{section.6}% 31
\BOOKMARK [2][-]{subsection.6.8}{\376\377\000D\000e\000p\000t\000h}{section.6}% 32
\BOOKMARK [2][-]{subsection.6.9}{\376\377\000D\000i\000c\000e}{section.6}% 33
\BOOKMARK [1][-]{section.7}{\376\377\000C\000o\000n\000c\000l\000u\000s\000i\000o\000n\000s\000\040\000a\000n\000d\000\040\000d\000i\000s\000c\000u\000s\000s\000i\000o\000n}{}% 34
\BOOKMARK [1][-]{section*.76}{\376\377\000R\000e\000f\000e\000r\000e\000n\000c\000e\000s}{}% 35
